2025-01-13T16:22:57.472-05:00  INFO 22044 --- [todolist] [restartedMain] z.projects.todolist.TodolistApplication  : Starting TodolistApplication using Java 21.0.4 with PID 22044 (C:\Users\ASUS\Desktop\Programs\proyectos\todolistmejor\todolist\target\classes started by ASUS in C:\Users\ASUS\Desktop\Programs\proyectos\todolistmejor\todolist)
2025-01-13T16:22:57.474-05:00  INFO 22044 --- [todolist] [restartedMain] z.projects.todolist.TodolistApplication  : No active profile set, falling back to 1 default profile: "default"
2025-01-13T16:22:57.526-05:00  INFO 22044 --- [todolist] [restartedMain] .e.DevToolsPropertyDefaultsPostProcessor : Devtools property defaults active! Set 'spring.devtools.add-properties' to 'false' to disable
2025-01-13T16:22:57.526-05:00  INFO 22044 --- [todolist] [restartedMain] .e.DevToolsPropertyDefaultsPostProcessor : For additional web related logging consider setting the 'logging.level.web' property to 'DEBUG'
2025-01-13T16:22:58.220-05:00  INFO 22044 --- [todolist] [restartedMain] .s.d.r.c.RepositoryConfigurationDelegate : Bootstrapping Spring Data JPA repositories in DEFAULT mode.
2025-01-13T16:22:58.288-05:00  INFO 22044 --- [todolist] [restartedMain] .s.d.r.c.RepositoryConfigurationDelegate : Finished Spring Data repository scanning in 60 ms. Found 2 JPA repository interfaces.
2025-01-13T16:22:58.977-05:00  INFO 22044 --- [todolist] [restartedMain] o.s.b.w.embedded.tomcat.TomcatWebServer  : Tomcat initialized with port 8080 (http)
2025-01-13T16:22:58.995-05:00  INFO 22044 --- [todolist] [restartedMain] o.apache.catalina.core.StandardService   : Starting service [Tomcat]
2025-01-13T16:22:58.995-05:00  INFO 22044 --- [todolist] [restartedMain] o.apache.catalina.core.StandardEngine    : Starting Servlet engine: [Apache Tomcat/10.1.34]
2025-01-13T16:22:59.043-05:00  INFO 22044 --- [todolist] [restartedMain] o.a.c.c.C.[Tomcat].[localhost].[/]       : Initializing Spring embedded WebApplicationContext
2025-01-13T16:22:59.043-05:00  INFO 22044 --- [todolist] [restartedMain] w.s.c.ServletWebServerApplicationContext : Root WebApplicationContext: initialization completed in 1517 ms
2025-01-13T16:22:59.232-05:00  INFO 22044 --- [todolist] [restartedMain] o.hibernate.jpa.internal.util.LogHelper  : HHH000204: Processing PersistenceUnitInfo [name: default]
2025-01-13T16:22:59.292-05:00  INFO 22044 --- [todolist] [restartedMain] org.hibernate.Version                    : HHH000412: Hibernate ORM core version 6.5.3.Final
2025-01-13T16:22:59.326-05:00  INFO 22044 --- [todolist] [restartedMain] o.h.c.internal.RegionFactoryInitiator    : HHH000026: Second-level cache disabled
2025-01-13T16:22:59.607-05:00  INFO 22044 --- [todolist] [restartedMain] o.s.o.j.p.SpringPersistenceUnitInfo      : No LoadTimeWeaver setup: ignoring JPA class transformer
2025-01-13T16:22:59.656-05:00  INFO 22044 --- [todolist] [restartedMain] com.zaxxer.hikari.HikariDataSource       : HikariPool-1 - Starting...
2025-01-13T16:23:00.019-05:00  INFO 22044 --- [todolist] [restartedMain] com.zaxxer.hikari.pool.HikariPool        : HikariPool-1 - Added connection com.mysql.cj.jdbc.ConnectionImpl@6fe09cbc
2025-01-13T16:23:00.021-05:00  INFO 22044 --- [todolist] [restartedMain] com.zaxxer.hikari.HikariDataSource       : HikariPool-1 - Start completed.
2025-01-13T16:23:00.077-05:00  WARN 22044 --- [todolist] [restartedMain] org.hibernate.orm.deprecation            : HHH90000025: MySQL8Dialect does not need to be specified explicitly using 'hibernate.dialect' (remove the property setting and it will be selected by default)
2025-01-13T16:23:00.078-05:00  WARN 22044 --- [todolist] [restartedMain] org.hibernate.orm.deprecation            : HHH90000026: MySQL8Dialect has been deprecated; use org.hibernate.dialect.MySQLDialect instead
2025-01-13T16:23:00.779-05:00  INFO 22044 --- [todolist] [restartedMain] o.h.e.t.j.p.i.JtaPlatformInitiator       : HHH000489: No JTA platform available (set 'hibernate.transaction.jta.platform' to enable JTA platform integration)
2025-01-13T16:23:00.975-05:00  INFO 22044 --- [todolist] [restartedMain] j.LocalContainerEntityManagerFactoryBean : Initialized JPA EntityManagerFactory for persistence unit 'default'
2025-01-13T16:23:01.237-05:00  INFO 22044 --- [todolist] [restartedMain] o.s.d.j.r.query.QueryEnhancerFactory     : Hibernate is in classpath; If applicable, HQL parser will be used.
2025-01-13T16:23:01.708-05:00  WARN 22044 --- [todolist] [restartedMain] JpaBaseConfiguration$JpaWebConfiguration : spring.jpa.open-in-view is enabled by default. Therefore, database queries may be performed during view rendering. Explicitly configure spring.jpa.open-in-view to disable this warning
2025-01-13T16:23:01.732-05:00  WARN 22044 --- [todolist] [restartedMain] .s.s.UserDetailsServiceAutoConfiguration : 

Using generated security password: 3da5dfd4-2906-427f-8708-cc22becea449

This generated password is for development use only. Your security configuration must be updated before running your application in production.

2025-01-13T16:23:01.743-05:00  INFO 22044 --- [todolist] [restartedMain] r$InitializeUserDetailsManagerConfigurer : Global AuthenticationManager configured with UserDetailsService bean with name inMemoryUserDetailsManager
2025-01-13T16:23:02.223-05:00  INFO 22044 --- [todolist] [restartedMain] o.s.b.d.a.OptionalLiveReloadServer       : LiveReload server is running on port 35729
2025-01-13T16:23:02.250-05:00  INFO 22044 --- [todolist] [restartedMain] o.s.b.w.embedded.tomcat.TomcatWebServer  : Tomcat started on port 8080 (http) with context path '/'
2025-01-13T16:23:02.258-05:00  INFO 22044 --- [todolist] [restartedMain] z.projects.todolist.TodolistApplication  : Started TodolistApplication in 5.165 seconds (process running for 5.549)
2025-01-13T16:25:20.082-05:00  INFO 22044 --- [todolist] [http-nio-8080-exec-2] o.a.c.c.C.[Tomcat].[localhost].[/]       : Initializing Spring DispatcherServlet 'dispatcherServlet'
2025-01-13T16:25:20.082-05:00  INFO 22044 --- [todolist] [http-nio-8080-exec-2] o.s.web.servlet.DispatcherServlet        : Initializing Servlet 'dispatcherServlet'
2025-01-13T16:25:20.083-05:00  INFO 22044 --- [todolist] [http-nio-8080-exec-2] o.s.web.servlet.DispatcherServlet        : Completed initialization in 1 ms
2025-01-13T16:25:20.110-05:00  INFO 22044 --- [todolist] [http-nio-8080-exec-2] z.p.t.c.security.JwtAutorizationFilter   : JwtAuthorizationFilter doing filter
2025-01-13T16:25:20.111-05:00  INFO 22044 --- [todolist] [http-nio-8080-exec-2] z.p.t.c.security.JwtAutorizationFilter   : no header or not a bearer token
2025-01-13T16:25:20.199-05:00  INFO 22044 --- [todolist] [http-nio-8080-exec-2] z.p.t.p.controller.AuthController        : /api/auth/register is called.
2025-01-13T16:25:20.201-05:00  INFO 22044 --- [todolist] [http-nio-8080-exec-2] z.p.t.s.implementation.AuthServiceImpl   : Registering user
2025-01-13T16:25:20.201-05:00  INFO 22044 --- [todolist] [http-nio-8080-exec-2] z.p.t.util.validation.UserValidation     : Validating user
2025-01-13T16:25:20.201-05:00  INFO 22044 --- [todolist] [http-nio-8080-exec-2] z.p.t.util.validation.UserValidation     : Checking if email is registered.
2025-01-13T16:25:20.290-05:00  INFO 22044 --- [todolist] [http-nio-8080-exec-2] z.p.t.util.validation.UserValidation     : Checking if username is taken.
2025-01-13T16:25:20.582-05:00  INFO 22044 --- [todolist] [http-nio-8080-exec-2] z.p.t.s.implementation.AuthServiceImpl   : User created successfully
2025-01-13T16:25:47.692-05:00  INFO 22044 --- [todolist] [http-nio-8080-exec-3] z.p.t.c.security.JwtAutorizationFilter   : JwtAuthorizationFilter doing filter
2025-01-13T16:25:47.692-05:00  INFO 22044 --- [todolist] [http-nio-8080-exec-3] z.p.t.c.security.JwtAutorizationFilter   : no header or not a bearer token
2025-01-13T16:25:47.694-05:00  INFO 22044 --- [todolist] [http-nio-8080-exec-3] z.p.t.p.controller.AuthController        : /api/auth/login is called.
2025-01-13T16:25:47.695-05:00  INFO 22044 --- [todolist] [http-nio-8080-exec-3] z.p.t.s.implementation.AuthServiceImpl   : Logging in
2025-01-13T16:25:47.695-05:00  INFO 22044 --- [todolist] [http-nio-8080-exec-3] z.p.t.util.validation.UserValidation     : Checking if email is registered.
2025-01-13T16:25:47.709-05:00  INFO 22044 --- [todolist] [http-nio-8080-exec-3] z.p.t.util.validation.UserValidation     : Verifying password
2025-01-13T16:25:47.943-05:00  INFO 22044 --- [todolist] [http-nio-8080-exec-3] z.p.t.s.implementation.JwtServiceImpl    : generating jwt
2025-01-13T16:25:47.980-05:00  INFO 22044 --- [todolist] [http-nio-8080-exec-3] z.p.t.s.implementation.JwtServiceImpl    : jwt generated
2025-01-13T16:25:47.981-05:00  INFO 22044 --- [todolist] [http-nio-8080-exec-3] z.p.t.s.implementation.AuthServiceImpl   : Authentication successful
2025-01-13T16:25:47.981-05:00  INFO 22044 --- [todolist] [http-nio-8080-exec-3] z.p.t.p.controller.AuthController        : Authentication successful.
2025-01-13T16:26:10.699-05:00  INFO 22044 --- [todolist] [http-nio-8080-exec-4] z.p.t.c.security.JwtAutorizationFilter   : JwtAuthorizationFilter doing filter
2025-01-13T16:26:10.701-05:00  INFO 22044 --- [todolist] [http-nio-8080-exec-4] z.p.t.s.implementation.JwtServiceImpl    : parsing token
2025-01-13T16:26:10.705-05:00  INFO 22044 --- [todolist] [http-nio-8080-exec-4] z.p.t.s.implementation.JwtServiceImpl    : token parsed
2025-01-13T16:26:10.706-05:00  INFO 22044 --- [todolist] [http-nio-8080-exec-4] z.p.t.c.security.JwtAutorizationFilter   : filter done
2025-01-13T16:26:10.709-05:00  INFO 22044 --- [todolist] [http-nio-8080-exec-4] z.p.t.p.controller.TaskController        : GET /api/tasks is called.
2025-01-13T16:26:10.709-05:00  INFO 22044 --- [todolist] [http-nio-8080-exec-4] z.p.t.s.implementation.TaskServiceImpl   : searching all tasks
2025-01-13T16:26:10.709-05:00  INFO 22044 --- [todolist] [http-nio-8080-exec-4] z.p.t.util.validation.TaskValidation     : getting authenticated user
2025-01-13T16:26:10.709-05:00  INFO 22044 --- [todolist] [http-nio-8080-exec-4] z.p.t.util.validation.TaskValidation     : User found. User ID: 1
2025-01-13T16:26:10.734-05:00  INFO 22044 --- [todolist] [http-nio-8080-exec-4] z.p.t.p.controller.TaskController        : Tasks found.
2025-01-13T16:30:26.615-05:00  INFO 22044 --- [todolist] [http-nio-8080-exec-7] z.p.t.c.security.JwtAutorizationFilter   : JwtAuthorizationFilter doing filter
2025-01-13T16:30:26.615-05:00  INFO 22044 --- [todolist] [http-nio-8080-exec-7] z.p.t.s.implementation.JwtServiceImpl    : parsing token
2025-01-13T16:30:26.619-05:00  INFO 22044 --- [todolist] [http-nio-8080-exec-7] z.p.t.s.implementation.JwtServiceImpl    : token parsed
2025-01-13T16:30:26.619-05:00  INFO 22044 --- [todolist] [http-nio-8080-exec-7] z.p.t.c.security.JwtAutorizationFilter   : filter done
2025-01-13T16:30:26.621-05:00  INFO 22044 --- [todolist] [http-nio-8080-exec-7] z.p.t.p.controller.TaskController        : POST /api/tasks is called.
2025-01-13T16:30:26.621-05:00  INFO 22044 --- [todolist] [http-nio-8080-exec-7] z.p.t.s.implementation.TaskServiceImpl   : creating task
2025-01-13T16:30:26.621-05:00  INFO 22044 --- [todolist] [http-nio-8080-exec-7] z.p.t.util.validation.TaskValidation     : validating task creation
2025-01-13T16:30:26.621-05:00  INFO 22044 --- [todolist] [http-nio-8080-exec-7] z.p.t.util.validation.TaskValidation     : task validated successfully
2025-01-13T16:30:26.621-05:00  INFO 22044 --- [todolist] [http-nio-8080-exec-7] z.p.t.util.validation.TaskValidation     : getting authenticated user
2025-01-13T16:30:26.621-05:00  INFO 22044 --- [todolist] [http-nio-8080-exec-7] z.p.t.util.validation.TaskValidation     : User found. User ID: 1
2025-01-13T16:30:26.638-05:00  INFO 22044 --- [todolist] [http-nio-8080-exec-7] z.p.t.s.implementation.TaskServiceImpl   : task saved in database
2025-01-13T16:30:26.638-05:00  INFO 22044 --- [todolist] [http-nio-8080-exec-7] z.p.t.p.controller.TaskController        : Task created.
2025-01-13T16:31:58.938-05:00  INFO 22044 --- [todolist] [http-nio-8080-exec-10] z.p.t.c.security.JwtAutorizationFilter   : JwtAuthorizationFilter doing filter
2025-01-13T16:31:58.938-05:00  INFO 22044 --- [todolist] [http-nio-8080-exec-10] z.p.t.s.implementation.JwtServiceImpl    : parsing token
2025-01-13T16:31:58.940-05:00  INFO 22044 --- [todolist] [http-nio-8080-exec-10] z.p.t.s.implementation.JwtServiceImpl    : token parsed
2025-01-13T16:31:58.940-05:00  INFO 22044 --- [todolist] [http-nio-8080-exec-10] z.p.t.c.security.JwtAutorizationFilter   : filter done
2025-01-13T16:31:58.941-05:00  INFO 22044 --- [todolist] [http-nio-8080-exec-10] z.p.t.p.controller.TaskController        : GET /api/tasks is called.
2025-01-13T16:31:58.941-05:00  INFO 22044 --- [todolist] [http-nio-8080-exec-10] z.p.t.s.implementation.TaskServiceImpl   : searching all tasks
2025-01-13T16:31:58.941-05:00  INFO 22044 --- [todolist] [http-nio-8080-exec-10] z.p.t.util.validation.TaskValidation     : getting authenticated user
2025-01-13T16:31:58.942-05:00  INFO 22044 --- [todolist] [http-nio-8080-exec-10] z.p.t.util.validation.TaskValidation     : User found. User ID: 1
2025-01-13T16:31:58.957-05:00  INFO 22044 --- [todolist] [http-nio-8080-exec-10] z.p.t.p.controller.TaskController        : Tasks found.
2025-01-13T16:33:00.725-05:00  INFO 22044 --- [todolist] [http-nio-8080-exec-3] z.p.t.c.security.JwtAutorizationFilter   : JwtAuthorizationFilter doing filter
2025-01-13T16:33:00.725-05:00  INFO 22044 --- [todolist] [http-nio-8080-exec-3] z.p.t.s.implementation.JwtServiceImpl    : parsing token
2025-01-13T16:33:00.728-05:00  INFO 22044 --- [todolist] [http-nio-8080-exec-3] z.p.t.s.implementation.JwtServiceImpl    : token parsed
2025-01-13T16:33:00.728-05:00  INFO 22044 --- [todolist] [http-nio-8080-exec-3] z.p.t.c.security.JwtAutorizationFilter   : filter done
2025-01-13T16:33:00.732-05:00  INFO 22044 --- [todolist] [http-nio-8080-exec-3] z.p.t.p.controller.TaskController        : PUT /api/tasks/{taskId} is called.
2025-01-13T16:33:00.732-05:00  INFO 22044 --- [todolist] [http-nio-8080-exec-3] z.p.t.s.implementation.TaskServiceImpl   : updating task
2025-01-13T16:33:00.732-05:00  INFO 22044 --- [todolist] [http-nio-8080-exec-3] z.p.t.util.validation.TaskValidation     : validating task ownership
2025-01-13T16:33:00.733-05:00  INFO 22044 --- [todolist] [http-nio-8080-exec-3] z.p.t.util.validation.TaskValidation     : getting authenticated user
2025-01-13T16:33:00.733-05:00  INFO 22044 --- [todolist] [http-nio-8080-exec-3] z.p.t.util.validation.TaskValidation     : User found. User ID: 1
2025-01-13T16:33:00.743-05:00  INFO 22044 --- [todolist] [http-nio-8080-exec-3] z.p.t.util.validation.TaskValidation     : task validated successfully
2025-01-13T16:33:00.743-05:00  INFO 22044 --- [todolist] [http-nio-8080-exec-3] z.p.t.util.validation.TaskValidation     : validating task creation
2025-01-13T16:33:00.744-05:00  INFO 22044 --- [todolist] [http-nio-8080-exec-3] z.p.t.util.validation.TaskValidation     : task validated successfully
2025-01-13T16:33:00.758-05:00  INFO 22044 --- [todolist] [http-nio-8080-exec-3] z.p.t.s.implementation.TaskServiceImpl   : task updated in database
2025-01-13T16:33:00.758-05:00  INFO 22044 --- [todolist] [http-nio-8080-exec-3] z.p.t.p.controller.TaskController        : Task updated.
2025-01-13T16:33:56.320-05:00  INFO 22044 --- [todolist] [http-nio-8080-exec-4] z.p.t.c.security.JwtAutorizationFilter   : JwtAuthorizationFilter doing filter
2025-01-13T16:33:56.320-05:00  INFO 22044 --- [todolist] [http-nio-8080-exec-4] z.p.t.s.implementation.JwtServiceImpl    : parsing token
2025-01-13T16:33:56.322-05:00  INFO 22044 --- [todolist] [http-nio-8080-exec-4] z.p.t.s.implementation.JwtServiceImpl    : token parsed
2025-01-13T16:33:56.322-05:00  INFO 22044 --- [todolist] [http-nio-8080-exec-4] z.p.t.c.security.JwtAutorizationFilter   : filter done
2025-01-13T16:33:56.323-05:00  INFO 22044 --- [todolist] [http-nio-8080-exec-4] z.p.t.p.controller.TaskController        : DELETE /api/tasks/{taskId} is called.
2025-01-13T16:33:56.323-05:00  INFO 22044 --- [todolist] [http-nio-8080-exec-4] z.p.t.s.implementation.TaskServiceImpl   : deleting task
2025-01-13T16:33:56.323-05:00  INFO 22044 --- [todolist] [http-nio-8080-exec-4] z.p.t.util.validation.TaskValidation     : validating task ownership
2025-01-13T16:33:56.323-05:00  INFO 22044 --- [todolist] [http-nio-8080-exec-4] z.p.t.util.validation.TaskValidation     : getting authenticated user
2025-01-13T16:33:56.323-05:00  INFO 22044 --- [todolist] [http-nio-8080-exec-4] z.p.t.util.validation.TaskValidation     : User found. User ID: 1
2025-01-13T16:33:56.331-05:00  INFO 22044 --- [todolist] [http-nio-8080-exec-4] z.p.t.util.validation.TaskValidation     : task validated successfully
2025-01-13T16:33:56.348-05:00  INFO 22044 --- [todolist] [http-nio-8080-exec-4] z.p.t.s.implementation.TaskServiceImpl   : task deleted from database
2025-01-13T16:33:56.348-05:00  INFO 22044 --- [todolist] [http-nio-8080-exec-4] z.p.t.p.controller.TaskController        : Task deleted.
2025-01-13T16:34:27.660-05:00  INFO 22044 --- [todolist] [http-nio-8080-exec-5] z.p.t.c.security.JwtAutorizationFilter   : JwtAuthorizationFilter doing filter
2025-01-13T16:34:27.660-05:00  INFO 22044 --- [todolist] [http-nio-8080-exec-5] z.p.t.s.implementation.JwtServiceImpl    : parsing token
2025-01-13T16:34:27.661-05:00  INFO 22044 --- [todolist] [http-nio-8080-exec-5] z.p.t.s.implementation.JwtServiceImpl    : token parsed
2025-01-13T16:34:27.661-05:00  INFO 22044 --- [todolist] [http-nio-8080-exec-5] z.p.t.c.security.JwtAutorizationFilter   : filter done
2025-01-13T16:34:27.666-05:00 ERROR 22044 --- [todolist] [http-nio-8080-exec-5] z.p.t.p.advice.GlobalExceptionHandler    : Unexpected error: JSON parse error: Cannot deserialize value of type `zuzz.projects.todolist.persistence.entity.TaskEntity$Status` from String "NOSE": not one of the values accepted for Enum class: [COMPLETED, IN_PROGRESS, PENDING]
2025-01-13T16:34:27.669-05:00  WARN 22044 --- [todolist] [http-nio-8080-exec-5] .m.m.a.ExceptionHandlerExceptionResolver : Resolved [org.springframework.http.converter.HttpMessageNotReadableException: JSON parse error: Cannot deserialize value of type `zuzz.projects.todolist.persistence.entity.TaskEntity$Status` from String "NOSE": not one of the values accepted for Enum class: [COMPLETED, IN_PROGRESS, PENDING]]
